  [1m[35mSQL (0.2ms)[0m  [1m[35mSET search_path TO public /*application='UrlShortener'*/[0m
  [1m[35m (111761.3ms)[0m  [1m[35mCREATE DATABASE "url_shortener_development" ENCODING = 'unicode' /*application='UrlShortener'*/[0m
  [1m[35mSQL (0.1ms)[0m  [1m[35mSET search_path TO public /*application='UrlShortener'*/[0m
  [1m[35m (118871.0ms)[0m  [1m[35mCREATE DATABASE "url_shortener_development" ENCODING = 'unicode' /*application='UrlShortener'*/[0m
  [1m[35mSQL (0.1ms)[0m  [1m[35mSET search_path TO public /*application='UrlShortener'*/[0m
  [1m[35m (20276.5ms)[0m  [1m[35mCREATE DATABASE "url_shortener_test" ENCODING = 'unicode' /*application='UrlShortener'*/[0m
  [1m[35mSQL (741.4ms)[0m  [1m[35mCREATE EXTENSION IF NOT EXISTS "plpgsql" SCHEMA pg_catalog /*application='UrlShortener'*/[0m
  [1m[35m (0.3ms)[0m  [1m[35mDROP TABLE IF EXISTS "urls" CASCADE /*application='UrlShortener'*/[0m
  [1m[35m (8006.4ms)[0m  [1m[35mCREATE TABLE "urls" ("id" bigserial primary key, "original_url" character varying, "short_url" character varying, "token" character varying, "created_at" timestamp(6) NOT NULL, "updated_at" timestamp(6) NOT NULL) /*application='UrlShortener'*/[0m
  [1m[35m (7558.2ms)[0m  [1m[35mCREATE INDEX "index_urls_on_short_url" ON "urls" ("short_url") /*application='UrlShortener'*/[0m
  [1m[35m (4360.5ms)[0m  [1m[35mCREATE INDEX "index_urls_on_token" ON "urls" ("token") /*application='UrlShortener'*/[0m
  [1m[35m (16822.4ms)[0m  [1m[35mCREATE TABLE "schema_migrations" ("version" character varying NOT NULL PRIMARY KEY) /*application='UrlShortener'*/[0m
  [1m[36mActiveRecord::SchemaMigration Load (0.8ms)[0m  [1m[34mSELECT "schema_migrations"."version" FROM "schema_migrations" ORDER BY "schema_migrations"."version" ASC /*application='UrlShortener'*/[0m
  [1m[35m (2372.6ms)[0m  [1m[32mINSERT INTO "schema_migrations" (version) VALUES (20250917101111) /*application='UrlShortener'*/[0m
  [1m[35m (9509.7ms)[0m  [1m[35mCREATE TABLE "ar_internal_metadata" ("key" character varying NOT NULL PRIMARY KEY, "value" character varying, "created_at" timestamp(6) NOT NULL, "updated_at" timestamp(6) NOT NULL) /*application='UrlShortener'*/[0m
  [1m[36mActiveRecord::InternalMetadata Load (1.4ms)[0m  [1m[34mSELECT * FROM "ar_internal_metadata" WHERE "ar_internal_metadata"."key" = 'environment' ORDER BY "ar_internal_metadata"."key" ASC LIMIT 1 /*application='UrlShortener'*/[0m
  [1m[36mActiveRecord::InternalMetadata Create (2360.7ms)[0m  [1m[32mINSERT INTO "ar_internal_metadata" ("key", "value", "created_at", "updated_at") VALUES ('environment', 'development', '2025-09-18 14:07:30.216881', '2025-09-18 14:07:30.216889') RETURNING "key" /*application='UrlShortener'*/[0m
  [1m[36mActiveRecord::InternalMetadata Load (0.4ms)[0m  [1m[34mSELECT * FROM "ar_internal_metadata" WHERE "ar_internal_metadata"."key" = 'environment' ORDER BY "ar_internal_metadata"."key" ASC LIMIT 1 /*application='UrlShortener'*/[0m
  [1m[36mActiveRecord::InternalMetadata Load (0.3ms)[0m  [1m[34mSELECT * FROM "ar_internal_metadata" WHERE "ar_internal_metadata"."key" = 'schema_sha1' ORDER BY "ar_internal_metadata"."key" ASC LIMIT 1 /*application='UrlShortener'*/[0m
  [1m[36mActiveRecord::InternalMetadata Create (2817.9ms)[0m  [1m[32mINSERT INTO "ar_internal_metadata" ("key", "value", "created_at", "updated_at") VALUES ('schema_sha1', '7648a360908b8e8d0e91d16f560909e907c177ae', '2025-09-18 14:07:32.768901', '2025-09-18 14:07:32.768906') RETURNING "key" /*application='UrlShortener'*/[0m
  [1m[35m (77.3ms)[0m  [1m[34mSELECT pg_try_advisory_lock(8112849748291978620) /*application='UrlShortener'*/[0m
  [1m[36mActiveRecord::SchemaMigration Load (0.7ms)[0m  [1m[34mSELECT "schema_migrations"."version" FROM "schema_migrations" ORDER BY "schema_migrations"."version" ASC /*application='UrlShortener'*/[0m
  [1m[36mActiveRecord::InternalMetadata Load (0.6ms)[0m  [1m[34mSELECT * FROM "ar_internal_metadata" WHERE "ar_internal_metadata"."key" = 'environment' ORDER BY "ar_internal_metadata"."key" ASC LIMIT 1 /*application='UrlShortener'*/[0m
  [1m[35m (0.4ms)[0m  [1m[34mSELECT pg_advisory_unlock(8112849748291978620) /*application='UrlShortener'*/[0m
  [1m[36mActiveRecord::SchemaMigration Load (0.3ms)[0m  [1m[34mSELECT "schema_migrations"."version" FROM "schema_migrations" ORDER BY "schema_migrations"."version" ASC /*application='UrlShortener'*/[0m
  [1m[35m (0.1ms)[0m  [1m[34mSELECT pg_try_advisory_lock(8112849748291978620) /*application='UrlShortener'*/[0m
  [1m[36mActiveRecord::SchemaMigration Load (0.7ms)[0m  [1m[34mSELECT "schema_migrations"."version" FROM "schema_migrations" ORDER BY "schema_migrations"."version" ASC /*application='UrlShortener'*/[0m
  [1m[36mActiveRecord::InternalMetadata Load (0.7ms)[0m  [1m[34mSELECT * FROM "ar_internal_metadata" WHERE "ar_internal_metadata"."key" = 'environment' ORDER BY "ar_internal_metadata"."key" ASC LIMIT 1 /*application='UrlShortener'*/[0m
  [1m[35m (0.2ms)[0m  [1m[34mSELECT pg_advisory_unlock(8112849748291978620) /*application='UrlShortener'*/[0m
  [1m[36mActiveRecord::SchemaMigration Load (0.1ms)[0m  [1m[34mSELECT "schema_migrations"."version" FROM "schema_migrations" ORDER BY "schema_migrations"."version" ASC /*application='UrlShortener'*/[0m
Started GET "/" for 127.0.0.1 at 2025-09-18 19:46:42 +0530
  [1m[36mActiveRecord::SchemaMigration Load (1.3ms)[0m  [1m[34mSELECT "schema_migrations"."version" FROM "schema_migrations" ORDER BY "schema_migrations"."version" ASC /*application='UrlShortener'*/[0m
Processing by UrlsController#new as HTML
  Rendering layout layouts/application.html.erb
  Rendering urls/new.html.erb within layouts/application
  [1m[36mUrl Load (0.8ms)[0m  [1m[34mSELECT "urls".* FROM "urls" /*action='new',application='UrlShortener',controller='urls'*/[0m
  ↳ app/views/urls/new.html.erb:20
  Rendered urls/new.html.erb within layouts/application (Duration: 39.4ms | GC: 0.0ms)
  Rendered layout layouts/application.html.erb (Duration: 111.1ms | GC: 0.0ms)
Completed 200 OK in 1830ms (Views: 135.8ms | ActiveRecord: 11.0ms (1 query, 0 cached) | GC: 0.0ms)


Started GET "/assets/application-8b441ae0.css" for 127.0.0.1 at 2025-09-18 19:46:44 +0530
Started GET "/assets/turbo.min-3a2e143f.js" for 127.0.0.1 at 2025-09-18 19:46:44 +0530
Started GET "/assets/stimulus.min-4b1e420e.js" for 127.0.0.1 at 2025-09-18 19:46:44 +0530
Started GET "/assets/application-bfcdf840.js" for 127.0.0.1 at 2025-09-18 19:46:44 +0530
Started GET "/assets/stimulus-loading-1fc53fe7.js" for 127.0.0.1 at 2025-09-18 19:46:44 +0530
Started GET "/assets/controllers/application-3affb389.js" for 127.0.0.1 at 2025-09-18 19:46:44 +0530
Started GET "/assets/controllers/hello_controller-708796bd.js" for 127.0.0.1 at 2025-09-18 19:46:44 +0530
Started GET "/assets/controllers/index-ee64e1f1.js" for 127.0.0.1 at 2025-09-18 19:46:44 +0530
Started POST "/urls" for 127.0.0.1 at 2025-09-18 19:46:55 +0530
Processing by UrlsController#create as TURBO_STREAM
  Parameters: {"authenticity_token"=>"[FILTERED]", "url"=>{"original_url"=>"kjhii"}, "commit"=>"Shorten"}
  [1m[36mTRANSACTION (0.2ms)[0m  [1m[35mBEGIN /*action='create',application='UrlShortener',controller='urls'*/[0m
  ↳ app/models/url.rb:15:in `block in generate_short_url'
  [1m[36mUrl Exists? (2.3ms)[0m  [1m[34mSELECT 1 AS one FROM "urls" WHERE "urls"."short_url" = 'RVGJpfJE' LIMIT 1 /*action='create',application='UrlShortener',controller='urls'*/[0m
  ↳ app/models/url.rb:15:in `block in generate_short_url'
  [1m[36mCACHE Url Exists? (0.0ms)[0m  [1m[34mSELECT 1 AS one FROM "urls" WHERE "urls"."short_url" = 'RVGJpfJE' LIMIT 1[0m
  ↳ app/controllers/urls_controller.rb:13:in `create'
  [1m[36mTRANSACTION (0.2ms)[0m  [1m[31mROLLBACK /*action='create',application='UrlShortener',controller='urls'*/[0m
  ↳ app/controllers/urls_controller.rb:13:in `create'
Redirected to http://127.0.0.1:3000/urls/new
Completed 302 Found in 662ms (ActiveRecord: 2.7ms (2 queries, 1 cached) | GC: 1.6ms)


Started GET "/urls/new" for 127.0.0.1 at 2025-09-18 19:46:55 +0530
Processing by UrlsController#new as TURBO_STREAM
  Rendering layout layouts/application.html.erb
  Rendering urls/new.html.erb within layouts/application
  [1m[36mUrl Load (0.4ms)[0m  [1m[34mSELECT "urls".* FROM "urls" /*action='new',application='UrlShortener',controller='urls'*/[0m
  ↳ app/views/urls/new.html.erb:20
  Rendered urls/new.html.erb within layouts/application (Duration: 2.6ms | GC: 0.0ms)
  Rendered layout layouts/application.html.erb (Duration: 3.5ms | GC: 0.0ms)
Completed 200 OK in 14ms (Views: 3.6ms | ActiveRecord: 0.4ms (1 query, 0 cached) | GC: 0.0ms)


Started POST "/urls" for 127.0.0.1 at 2025-09-18 19:47:10 +0530
Processing by UrlsController#create as TURBO_STREAM
  Parameters: {"authenticity_token"=>"[FILTERED]", "url"=>{"original_url"=>"http://127.0.0.1:3000/urls/new"}, "commit"=>"Shorten"}
  [1m[36mTRANSACTION (0.3ms)[0m  [1m[35mBEGIN /*action='create',application='UrlShortener',controller='urls'*/[0m
  ↳ app/models/url.rb:15:in `block in generate_short_url'
  [1m[36mUrl Exists? (2.6ms)[0m  [1m[34mSELECT 1 AS one FROM "urls" WHERE "urls"."short_url" = 'JOcABD8K' LIMIT 1 /*action='create',application='UrlShortener',controller='urls'*/[0m
  ↳ app/models/url.rb:15:in `block in generate_short_url'
  [1m[36mCACHE Url Exists? (0.0ms)[0m  [1m[34mSELECT 1 AS one FROM "urls" WHERE "urls"."short_url" = 'JOcABD8K' LIMIT 1[0m
  ↳ app/controllers/urls_controller.rb:13:in `create'
  [1m[36mUrl Create (1.2ms)[0m  [1m[32mINSERT INTO "urls" ("original_url", "short_url", "token", "created_at", "updated_at") VALUES ('http://127.0.0.1:3000/urls/new', 'JOcABD8K', '1e689187fbff60b60922', '2025-09-18 14:17:10.537840', '2025-09-18 14:17:10.537840') RETURNING "id" /*action='create',application='UrlShortener',controller='urls'*/[0m
  ↳ app/controllers/urls_controller.rb:13:in `create'
  [1m[36mTRANSACTION (606.2ms)[0m  [1m[35mCOMMIT /*action='create',application='UrlShortener',controller='urls'*/[0m
  ↳ app/controllers/urls_controller.rb:13:in `create'
Redirected to http://127.0.0.1:3000/urls/1
Completed 302 Found in 649ms (ActiveRecord: 610.2ms (3 queries, 1 cached) | GC: 0.4ms)


Started GET "/urls/1" for 127.0.0.1 at 2025-09-18 19:47:11 +0530
Processing by UrlsController#show as TURBO_STREAM
  Parameters: {"id"=>"1"}
  [1m[36mUrl Load (0.5ms)[0m  [1m[34mSELECT "urls".* FROM "urls" WHERE "urls"."id" = 1 LIMIT 1 /*action='show',application='UrlShortener',controller='urls'*/[0m
  ↳ app/controllers/urls_controller.rb:21:in `show'
  Rendering layout layouts/application.html.erb
  Rendering urls/show.html.erb within layouts/application
  Rendered urls/show.html.erb within layouts/application (Duration: 1.2ms | GC: 0.0ms)
  Rendered layout layouts/application.html.erb (Duration: 4.1ms | GC: 0.3ms)
Completed 200 OK in 41ms (Views: 5.0ms | ActiveRecord: 0.5ms (1 query, 0 cached) | GC: 0.3ms)


Started GET "/JOcABD8K" for 127.0.0.1 at 2025-09-18 19:47:12 +0530
Processing by UrlsController#redirect as HTML
  Parameters: {"short_url"=>"JOcABD8K"}
  [1m[36mUrl Load (0.6ms)[0m  [1m[34mSELECT "urls".* FROM "urls" WHERE "urls"."short_url" = 'JOcABD8K' LIMIT 1 /*action='redirect',application='UrlShortener',controller='urls'*/[0m
  ↳ app/controllers/urls_controller.rb:25:in `redirect'
Redirected to http://127.0.0.1:3000/urls/new
Completed 302 Found in 12ms (ActiveRecord: 0.6ms (1 query, 0 cached) | GC: 0.4ms)


Started GET "/urls/new" for 127.0.0.1 at 2025-09-18 19:47:13 +0530
Processing by UrlsController#new as HTML
  Rendering layout layouts/application.html.erb
  Rendering urls/new.html.erb within layouts/application
  [1m[36mUrl Load (0.4ms)[0m  [1m[34mSELECT "urls".* FROM "urls" /*action='new',application='UrlShortener',controller='urls'*/[0m
  ↳ app/views/urls/new.html.erb:20
  Rendered urls/new.html.erb within layouts/application (Duration: 2.7ms | GC: 0.0ms)
  Rendered layout layouts/application.html.erb (Duration: 3.5ms | GC: 0.0ms)
Completed 200 OK in 13ms (Views: 3.4ms | ActiveRecord: 0.4ms (1 query, 0 cached) | GC: 0.0ms)


Started GET "/JOcABD8K" for 127.0.0.1 at 2025-09-18 19:47:13 +0530
Processing by UrlsController#redirect as HTML
  Parameters: {"short_url"=>"JOcABD8K"}
  [1m[36mUrl Load (0.6ms)[0m  [1m[34mSELECT "urls".* FROM "urls" WHERE "urls"."short_url" = 'JOcABD8K' LIMIT 1 /*action='redirect',application='UrlShortener',controller='urls'*/[0m
  ↳ app/controllers/urls_controller.rb:25:in `redirect'
Redirected to http://127.0.0.1:3000/urls/new
Completed 302 Found in 28ms (ActiveRecord: 0.5ms (1 query, 0 cached) | GC: 0.0ms)


Started GET "/urls/new" for 127.0.0.1 at 2025-09-18 19:47:13 +0530
Processing by UrlsController#new as HTML
  Rendering layout layouts/application.html.erb
  Rendering urls/new.html.erb within layouts/application
  [1m[36mUrl Load (0.3ms)[0m  [1m[34mSELECT "urls".* FROM "urls" /*action='new',application='UrlShortener',controller='urls'*/[0m
  ↳ app/views/urls/new.html.erb:20
  Rendered urls/new.html.erb within layouts/application (Duration: 3.1ms | GC: 0.4ms)
  Rendered layout layouts/application.html.erb (Duration: 4.3ms | GC: 0.4ms)
Completed 200 OK in 14ms (Views: 4.5ms | ActiveRecord: 0.3ms (1 query, 0 cached) | GC: 0.4ms)


Started GET "/JOcABD8K" for 127.0.0.1 at 2025-09-18 19:47:14 +0530
Processing by UrlsController#redirect as HTML
  Parameters: {"short_url"=>"JOcABD8K"}
  [1m[36mUrl Load (0.6ms)[0m  [1m[34mSELECT "urls".* FROM "urls" WHERE "urls"."short_url" = 'JOcABD8K' LIMIT 1 /*action='redirect',application='UrlShortener',controller='urls'*/[0m
  ↳ app/controllers/urls_controller.rb:25:in `redirect'
Redirected to http://127.0.0.1:3000/urls/new
Completed 302 Found in 13ms (ActiveRecord: 0.6ms (1 query, 0 cached) | GC: 0.0ms)


Started GET "/urls/new" for 127.0.0.1 at 2025-09-18 19:47:14 +0530
Processing by UrlsController#new as HTML
  Rendering layout layouts/application.html.erb
  Rendering urls/new.html.erb within layouts/application
  [1m[36mUrl Load (0.5ms)[0m  [1m[34mSELECT "urls".* FROM "urls" /*action='new',application='UrlShortener',controller='urls'*/[0m
  ↳ app/views/urls/new.html.erb:20
  Rendered urls/new.html.erb within layouts/application (Duration: 2.9ms | GC: 0.0ms)
  Rendered layout layouts/application.html.erb (Duration: 3.7ms | GC: 0.0ms)
Completed 200 OK in 13ms (Views: 3.7ms | ActiveRecord: 0.4ms (1 query, 0 cached) | GC: 0.0ms)


Started GET "/urls/new" for 127.0.0.1 at 2025-09-18 19:47:16 +0530
Processing by UrlsController#new as HTML
  Rendering layout layouts/application.html.erb
  Rendering urls/new.html.erb within layouts/application
  [1m[36mUrl Load (1.1ms)[0m  [1m[34mSELECT "urls".* FROM "urls" /*action='new',application='UrlShortener',controller='urls'*/[0m
  ↳ app/views/urls/new.html.erb:20
  Rendered urls/new.html.erb within layouts/application (Duration: 6.0ms | GC: 0.0ms)
  Rendered layout layouts/application.html.erb (Duration: 7.1ms | GC: 0.0ms)
Completed 200 OK in 30ms (Views: 6.6ms | ActiveRecord: 1.0ms (1 query, 0 cached) | GC: 0.0ms)


Started GET "//very/long/sample/path/for/demo" for 127.0.0.1 at 2025-09-18 19:52:46 +0530
Processing by UrlsController#sample as HTML
  Rendering layout layouts/application.html.erb
  Rendering urls/sample.html.erb within layouts/application
  Rendered urls/sample.html.erb within layouts/application (Duration: 0.7ms | GC: 0.0ms)
  Rendered layout layouts/application.html.erb (Duration: 2.9ms | GC: 0.0ms)
Completed 200 OK in 53ms (Views: 3.8ms | ActiveRecord: 0.0ms (0 queries, 0 cached) | GC: 0.0ms)


Started GET "/urls/new" for 127.0.0.1 at 2025-09-18 19:52:50 +0530
Processing by UrlsController#new as HTML
  Rendering layout layouts/application.html.erb
  Rendering urls/new.html.erb within layouts/application
  [1m[36mUrl Load (20.2ms)[0m  [1m[34mSELECT "urls".* FROM "urls" /*action='new',application='UrlShortener',controller='urls'*/[0m
  ↳ app/views/urls/new.html.erb:20
  Rendered urls/new.html.erb within layouts/application (Duration: 23.8ms | GC: 0.4ms)
  Rendered layout layouts/application.html.erb (Duration: 25.3ms | GC: 0.4ms)
Completed 200 OK in 40ms (Views: -3.1ms | ActiveRecord: 28.9ms (1 query, 0 cached) | GC: 0.4ms)


Started GET "/urls/new" for 127.0.0.1 at 2025-09-18 19:52:51 +0530
Processing by UrlsController#new as HTML
  Rendering layout layouts/application.html.erb
  Rendering urls/new.html.erb within layouts/application
  [1m[36mUrl Load (0.4ms)[0m  [1m[34mSELECT "urls".* FROM "urls" /*action='new',application='UrlShortener',controller='urls'*/[0m
  ↳ app/views/urls/new.html.erb:20
  Rendered urls/new.html.erb within layouts/application (Duration: 3.8ms | GC: 0.0ms)
  Rendered layout layouts/application.html.erb (Duration: 5.1ms | GC: 0.0ms)
Completed 200 OK in 16ms (Views: 5.3ms | ActiveRecord: 0.4ms (1 query, 0 cached) | GC: 0.0ms)


Started POST "/urls" for 127.0.0.1 at 2025-09-18 19:53:05 +0530
Processing by UrlsController#create as TURBO_STREAM
  Parameters: {"authenticity_token"=>"[FILTERED]", "url"=>{"original_url"=>"http://127.0.0.1:3000//very/long/sample/path/for/demo"}, "commit"=>"Shorten"}
  [1m[36mTRANSACTION (0.3ms)[0m  [1m[35mBEGIN /*action='create',application='UrlShortener',controller='urls'*/[0m
  ↳ app/models/url.rb:15:in `block in generate_short_url'
  [1m[36mUrl Exists? (3.3ms)[0m  [1m[34mSELECT 1 AS one FROM "urls" WHERE "urls"."short_url" = '6BhAzRl_' LIMIT 1 /*action='create',application='UrlShortener',controller='urls'*/[0m
  ↳ app/models/url.rb:15:in `block in generate_short_url'
  [1m[36mCACHE Url Exists? (0.0ms)[0m  [1m[34mSELECT 1 AS one FROM "urls" WHERE "urls"."short_url" = '6BhAzRl_' LIMIT 1[0m
  ↳ app/controllers/urls_controller.rb:13:in `create'
  [1m[36mUrl Create (0.8ms)[0m  [1m[32mINSERT INTO "urls" ("original_url", "short_url", "token", "created_at", "updated_at") VALUES ('http://127.0.0.1:3000//very/long/sample/path/for/demo', '6BhAzRl_', '6b4d2c6c269fb331d4df', '2025-09-18 14:23:05.579117', '2025-09-18 14:23:05.579117') RETURNING "id" /*action='create',application='UrlShortener',controller='urls'*/[0m
  ↳ app/controllers/urls_controller.rb:13:in `create'
  [1m[36mTRANSACTION (868.9ms)[0m  [1m[35mCOMMIT /*action='create',application='UrlShortener',controller='urls'*/[0m
  ↳ app/controllers/urls_controller.rb:13:in `create'
Redirected to http://127.0.0.1:3000/urls/2
Completed 302 Found in 916ms (ActiveRecord: 873.1ms (3 queries, 1 cached) | GC: 7.5ms)


Started GET "/urls/2" for 127.0.0.1 at 2025-09-18 19:53:06 +0530
Processing by UrlsController#show as TURBO_STREAM
  Parameters: {"id"=>"2"}
  [1m[36mUrl Load (0.5ms)[0m  [1m[34mSELECT "urls".* FROM "urls" WHERE "urls"."id" = 2 LIMIT 1 /*action='show',application='UrlShortener',controller='urls'*/[0m
  ↳ app/controllers/urls_controller.rb:21:in `show'
  Rendering layout layouts/application.html.erb
  Rendering urls/show.html.erb within layouts/application
  Rendered urls/show.html.erb within layouts/application (Duration: 0.6ms | GC: 0.0ms)
  Rendered layout layouts/application.html.erb (Duration: 2.7ms | GC: 0.0ms)
Completed 200 OK in 34ms (Views: 3.4ms | ActiveRecord: 0.5ms (1 query, 0 cached) | GC: 0.9ms)


Started GET "/urls/new" for 127.0.0.1 at 2025-09-18 19:53:10 +0530
Processing by UrlsController#new as HTML
  Rendering layout layouts/application.html.erb
  Rendering urls/new.html.erb within layouts/application
  [1m[36mUrl Load (0.6ms)[0m  [1m[34mSELECT "urls".* FROM "urls" /*action='new',application='UrlShortener',controller='urls'*/[0m
  ↳ app/views/urls/new.html.erb:20
  Rendered urls/new.html.erb within layouts/application (Duration: 5.3ms | GC: 0.0ms)
  Rendered layout layouts/application.html.erb (Duration: 6.9ms | GC: 0.0ms)
Completed 200 OK in 29ms (Views: 7.0ms | ActiveRecord: 0.5ms (1 query, 0 cached) | GC: 0.7ms)


Started GET "/urls/new" for 127.0.0.1 at 2025-09-18 19:53:10 +0530
Processing by UrlsController#new as HTML
  Rendering layout layouts/application.html.erb
  Rendering urls/new.html.erb within layouts/application
  [1m[36mUrl Load (0.3ms)[0m  [1m[34mSELECT "urls".* FROM "urls" /*action='new',application='UrlShortener',controller='urls'*/[0m
  ↳ app/views/urls/new.html.erb:20
  Rendered urls/new.html.erb within layouts/application (Duration: 2.8ms | GC: 0.0ms)
  Rendered layout layouts/application.html.erb (Duration: 3.7ms | GC: 0.0ms)
Completed 200 OK in 14ms (Views: 3.7ms | ActiveRecord: 0.3ms (1 query, 0 cached) | GC: 0.0ms)


Started GET "/urls/new" for 127.0.0.1 at 2025-09-18 19:53:14 +0530
Processing by UrlsController#new as HTML
  Rendering layout layouts/application.html.erb
  Rendering urls/new.html.erb within layouts/application
  [1m[36mUrl Load (0.5ms)[0m  [1m[34mSELECT "urls".* FROM "urls" /*action='new',application='UrlShortener',controller='urls'*/[0m
  ↳ app/views/urls/new.html.erb:20
  Rendered urls/new.html.erb within layouts/application (Duration: 6.1ms | GC: 0.0ms)
  Rendered layout layouts/application.html.erb (Duration: 8.0ms | GC: 0.0ms)
Completed 200 OK in 32ms (Views: 8.3ms | ActiveRecord: 0.5ms (1 query, 0 cached) | GC: 0.0ms)


Started GET "/6BhAzRl_" for 127.0.0.1 at 2025-09-18 19:53:18 +0530
Processing by UrlsController#redirect as HTML
  Parameters: {"short_url"=>"6BhAzRl_"}
  [1m[36mUrl Load (0.9ms)[0m  [1m[34mSELECT "urls".* FROM "urls" WHERE "urls"."short_url" = '6BhAzRl_' LIMIT 1 /*action='redirect',application='UrlShortener',controller='urls'*/[0m
  ↳ app/controllers/urls_controller.rb:25:in `redirect'
Redirected to http://127.0.0.1:3000//very/long/sample/path/for/demo
Completed 302 Found in 17ms (ActiveRecord: 0.8ms (1 query, 0 cached) | GC: 0.0ms)


Started GET "//very/long/sample/path/for/demo" for 127.0.0.1 at 2025-09-18 19:53:18 +0530
Processing by UrlsController#sample as HTML
  Rendering layout layouts/application.html.erb
  Rendering urls/sample.html.erb within layouts/application
  Rendered urls/sample.html.erb within layouts/application (Duration: 0.1ms | GC: 0.0ms)
  Rendered layout layouts/application.html.erb (Duration: 1.2ms | GC: 0.0ms)
Completed 200 OK in 14ms (Views: 1.6ms | ActiveRecord: 0.0ms (0 queries, 0 cached) | GC: 0.0ms)


Started POST "/urls" for 127.0.0.1 at 2025-09-18 19:53:24 +0530
Processing by UrlsController#create as TURBO_STREAM
  Parameters: {"authenticity_token"=>"[FILTERED]", "url"=>{"original_url"=>"fefee"}, "commit"=>"Shorten"}
  [1m[36mTRANSACTION (0.2ms)[0m  [1m[35mBEGIN /*action='create',application='UrlShortener',controller='urls'*/[0m
  ↳ app/models/url.rb:15:in `block in generate_short_url'
  [1m[36mUrl Exists? (2.1ms)[0m  [1m[34mSELECT 1 AS one FROM "urls" WHERE "urls"."short_url" = 's3DOqzUX' LIMIT 1 /*action='create',application='UrlShortener',controller='urls'*/[0m
  ↳ app/models/url.rb:15:in `block in generate_short_url'
  [1m[36mCACHE Url Exists? (0.0ms)[0m  [1m[34mSELECT 1 AS one FROM "urls" WHERE "urls"."short_url" = 's3DOqzUX' LIMIT 1[0m
  ↳ app/controllers/urls_controller.rb:13:in `create'
  [1m[36mTRANSACTION (0.2ms)[0m  [1m[31mROLLBACK /*action='create',application='UrlShortener',controller='urls'*/[0m
  ↳ app/controllers/urls_controller.rb:13:in `create'
Redirected to http://127.0.0.1:3000/urls/new
Completed 302 Found in 23ms (ActiveRecord: 2.5ms (2 queries, 1 cached) | GC: 0.6ms)


Started GET "/urls/new" for 127.0.0.1 at 2025-09-18 19:53:25 +0530
Processing by UrlsController#new as TURBO_STREAM
  Rendering layout layouts/application.html.erb
  Rendering urls/new.html.erb within layouts/application
  [1m[36mUrl Load (0.5ms)[0m  [1m[34mSELECT "urls".* FROM "urls" /*action='new',application='UrlShortener',controller='urls'*/[0m
  ↳ app/views/urls/new.html.erb:20
  Rendered urls/new.html.erb within layouts/application (Duration: 5.1ms | GC: 0.0ms)
  Rendered layout layouts/application.html.erb (Duration: 6.9ms | GC: 0.2ms)
Completed 200 OK in 30ms (Views: 7.2ms | ActiveRecord: 0.5ms (1 query, 0 cached) | GC: 0.2ms)


Started GET "/urls/new" for 127.0.0.1 at 2025-09-18 19:56:57 +0530
Processing by UrlsController#new as HTML
  Rendering layout layouts/application.html.erb
  Rendering urls/new.html.erb within layouts/application
  [1m[36mUrl Load (0.4ms)[0m  [1m[34mSELECT "urls".* FROM "urls" /*action='new',application='UrlShortener',controller='urls'*/[0m
  ↳ app/views/urls/new.html.erb:20
  Rendered urls/new.html.erb within layouts/application (Duration: 4.0ms | GC: 0.1ms)
  Rendered layout layouts/application.html.erb (Duration: 5.5ms | GC: 0.1ms)
Completed 200 OK in 24ms (Views: 5.5ms | ActiveRecord: 0.4ms (1 query, 0 cached) | GC: 0.1ms)


Started GET "/urls/new" for 127.0.0.1 at 2025-09-18 19:57:02 +0530
Processing by UrlsController#new as HTML
  Rendering layout layouts/application.html.erb
  Rendering urls/new.html.erb within layouts/application
  [1m[36mUrl Load (0.5ms)[0m  [1m[34mSELECT "urls".* FROM "urls" /*action='new',application='UrlShortener',controller='urls'*/[0m
  ↳ app/views/urls/new.html.erb:20
  Rendered urls/new.html.erb within layouts/application (Duration: 6.0ms | GC: 0.4ms)
  Rendered layout layouts/application.html.erb (Duration: 7.5ms | GC: 0.4ms)
Completed 200 OK in 30ms (Views: 7.7ms | ActiveRecord: 0.5ms (1 query, 0 cached) | GC: 0.4ms)


Started GET "/urls/new" for 127.0.0.1 at 2025-09-18 19:57:02 +0530
Processing by UrlsController#new as HTML
  Rendering layout layouts/application.html.erb
  Rendering urls/new.html.erb within layouts/application
  [1m[36mUrl Load (0.5ms)[0m  [1m[34mSELECT "urls".* FROM "urls" /*action='new',application='UrlShortener',controller='urls'*/[0m
  ↳ app/views/urls/new.html.erb:20
  Rendered urls/new.html.erb within layouts/application (Duration: 5.6ms | GC: 0.2ms)
  Rendered layout layouts/application.html.erb (Duration: 7.3ms | GC: 0.2ms)
Completed 200 OK in 32ms (Views: 7.5ms | ActiveRecord: 0.5ms (1 query, 0 cached) | GC: 0.2ms)


Started GET "/urls/new" for 127.0.0.1 at 2025-09-18 19:57:03 +0530
Processing by UrlsController#new as HTML
  Rendering layout layouts/application.html.erb
  Rendering urls/new.html.erb within layouts/application
  [1m[36mUrl Load (0.5ms)[0m  [1m[34mSELECT "urls".* FROM "urls" /*action='new',application='UrlShortener',controller='urls'*/[0m
  ↳ app/views/urls/new.html.erb:20
  Rendered urls/new.html.erb within layouts/application (Duration: 5.6ms | GC: 0.4ms)
  Rendered layout layouts/application.html.erb (Duration: 7.2ms | GC: 0.4ms)
Completed 200 OK in 31ms (Views: 7.5ms | ActiveRecord: 0.5ms (1 query, 0 cached) | GC: 0.4ms)


Started POST "/urls" for 127.0.0.1 at 2025-09-18 19:58:31 +0530
Processing by UrlsController#create as TURBO_STREAM
  Parameters: {"authenticity_token"=>"[FILTERED]", "url"=>{"original_url"=>"dbwbw"}, "commit"=>"Shorten"}
  [1m[36mTRANSACTION (0.3ms)[0m  [1m[35mBEGIN /*action='create',application='UrlShortener',controller='urls'*/[0m
  ↳ app/models/url.rb:15:in `block in generate_short_url'
  [1m[36mUrl Exists? (2.6ms)[0m  [1m[34mSELECT 1 AS one FROM "urls" WHERE "urls"."short_url" = '9AYLdgHH' LIMIT 1 /*action='create',application='UrlShortener',controller='urls'*/[0m
  ↳ app/models/url.rb:15:in `block in generate_short_url'
  [1m[36mCACHE Url Exists? (0.1ms)[0m  [1m[34mSELECT 1 AS one FROM "urls" WHERE "urls"."short_url" = '9AYLdgHH' LIMIT 1[0m
  ↳ app/controllers/urls_controller.rb:13:in `create'
  [1m[36mTRANSACTION (0.3ms)[0m  [1m[31mROLLBACK /*action='create',application='UrlShortener',controller='urls'*/[0m
  ↳ app/controllers/urls_controller.rb:13:in `create'
Redirected to http://127.0.0.1:3000/urls/new
Completed 302 Found in 37ms (ActiveRecord: 3.1ms (2 queries, 1 cached) | GC: 0.3ms)


Started GET "/urls/new" for 127.0.0.1 at 2025-09-18 19:58:31 +0530
Processing by UrlsController#new as TURBO_STREAM
  Rendering layout layouts/application.html.erb
  Rendering urls/new.html.erb within layouts/application
  [1m[36mUrl Load (0.4ms)[0m  [1m[34mSELECT "urls".* FROM "urls" /*action='new',application='UrlShortener',controller='urls'*/[0m
  ↳ app/views/urls/new.html.erb:20
  Rendered urls/new.html.erb within layouts/application (Duration: 2.6ms | GC: 0.0ms)
  Rendered layout layouts/application.html.erb (Duration: 3.4ms | GC: 0.0ms)
Completed 200 OK in 20ms (Views: 3.4ms | ActiveRecord: 0.3ms (1 query, 0 cached) | GC: 0.0ms)


Started POST "/urls" for 127.0.0.1 at 2025-09-18 19:58:37 +0530
Processing by UrlsController#create as TURBO_STREAM
  Parameters: {"authenticity_token"=>"[FILTERED]", "url"=>{"original_url"=>"wdwojpoekw"}, "commit"=>"Shorten"}
  [1m[36mTRANSACTION (0.2ms)[0m  [1m[35mBEGIN /*action='create',application='UrlShortener',controller='urls'*/[0m
  ↳ app/models/url.rb:15:in `block in generate_short_url'
  [1m[36mUrl Exists? (1.2ms)[0m  [1m[34mSELECT 1 AS one FROM "urls" WHERE "urls"."short_url" = 'jjeOWiNp' LIMIT 1 /*action='create',application='UrlShortener',controller='urls'*/[0m
  ↳ app/models/url.rb:15:in `block in generate_short_url'
  [1m[36mCACHE Url Exists? (0.0ms)[0m  [1m[34mSELECT 1 AS one FROM "urls" WHERE "urls"."short_url" = 'jjeOWiNp' LIMIT 1[0m
  ↳ app/controllers/urls_controller.rb:13:in `create'
  [1m[36mTRANSACTION (0.2ms)[0m  [1m[31mROLLBACK /*action='create',application='UrlShortener',controller='urls'*/[0m
  ↳ app/controllers/urls_controller.rb:13:in `create'
Redirected to http://127.0.0.1:3000/urls/new
Completed 302 Found in 16ms (ActiveRecord: 1.5ms (2 queries, 1 cached) | GC: 1.4ms)


Started GET "/urls/new" for 127.0.0.1 at 2025-09-18 19:58:37 +0530
Processing by UrlsController#new as TURBO_STREAM
  Rendering layout layouts/application.html.erb
  Rendering urls/new.html.erb within layouts/application
  [1m[36mUrl Load (0.5ms)[0m  [1m[34mSELECT "urls".* FROM "urls" /*action='new',application='UrlShortener',controller='urls'*/[0m
  ↳ app/views/urls/new.html.erb:20
  Rendered urls/new.html.erb within layouts/application (Duration: 5.1ms | GC: 0.0ms)
  Rendered layout layouts/application.html.erb (Duration: 6.8ms | GC: 0.0ms)
Completed 200 OK in 32ms (Views: 7.1ms | ActiveRecord: 0.5ms (1 query, 0 cached) | GC: 0.7ms)


Started POST "/urls" for 127.0.0.1 at 2025-09-18 19:58:45 +0530
Processing by UrlsController#create as TURBO_STREAM
  Parameters: {"authenticity_token"=>"[FILTERED]", "url"=>{"original_url"=>"http://127.0.0.1:3000//very/long/sample/path/for/demo"}, "commit"=>"Shorten"}
  [1m[36mTRANSACTION (0.2ms)[0m  [1m[35mBEGIN /*action='create',application='UrlShortener',controller='urls'*/[0m
  ↳ app/models/url.rb:15:in `block in generate_short_url'
  [1m[36mUrl Exists? (2.4ms)[0m  [1m[34mSELECT 1 AS one FROM "urls" WHERE "urls"."short_url" = 'MQ1SN83h' LIMIT 1 /*action='create',application='UrlShortener',controller='urls'*/[0m
  ↳ app/models/url.rb:15:in `block in generate_short_url'
  [1m[36mCACHE Url Exists? (0.1ms)[0m  [1m[34mSELECT 1 AS one FROM "urls" WHERE "urls"."short_url" = 'MQ1SN83h' LIMIT 1[0m
  ↳ app/controllers/urls_controller.rb:13:in `create'
  [1m[36mUrl Create (0.6ms)[0m  [1m[32mINSERT INTO "urls" ("original_url", "short_url", "token", "created_at", "updated_at") VALUES ('http://127.0.0.1:3000//very/long/sample/path/for/demo', 'MQ1SN83h', 'feafa8bd73d8e7a27853', '2025-09-18 14:28:45.116027', '2025-09-18 14:28:45.116027') RETURNING "id" /*action='create',application='UrlShortener',controller='urls'*/[0m
  ↳ app/controllers/urls_controller.rb:13:in `create'
  [1m[36mTRANSACTION (39.1ms)[0m  [1m[35mCOMMIT /*action='create',application='UrlShortener',controller='urls'*/[0m
  ↳ app/controllers/urls_controller.rb:13:in `create'
Redirected to http://127.0.0.1:3000/urls/3
Completed 302 Found in 82ms (ActiveRecord: 42.3ms (3 queries, 1 cached) | GC: 1.0ms)


Started GET "/urls/3" for 127.0.0.1 at 2025-09-18 19:58:45 +0530
Processing by UrlsController#show as TURBO_STREAM
  Parameters: {"id"=>"3"}
  [1m[36mUrl Load (0.4ms)[0m  [1m[34mSELECT "urls".* FROM "urls" WHERE "urls"."id" = 3 LIMIT 1 /*action='show',application='UrlShortener',controller='urls'*/[0m
  ↳ app/controllers/urls_controller.rb:21:in `show'
  Rendering layout layouts/application.html.erb
  Rendering urls/show.html.erb within layouts/application
  Rendered urls/show.html.erb within layouts/application (Duration: 0.3ms | GC: 0.0ms)
  Rendered layout layouts/application.html.erb (Duration: 2.8ms | GC: 0.4ms)
Completed 200 OK in 14ms (Views: 3.3ms | ActiveRecord: 0.4ms (1 query, 0 cached) | GC: 0.4ms)


Started GET "/MQ1SN83h" for 127.0.0.1 at 2025-09-18 19:58:46 +0530
Processing by UrlsController#redirect as HTML
  Parameters: {"short_url"=>"MQ1SN83h"}
  [1m[36mUrl Load (0.5ms)[0m  [1m[34mSELECT "urls".* FROM "urls" WHERE "urls"."short_url" = 'MQ1SN83h' LIMIT 1 /*action='redirect',application='UrlShortener',controller='urls'*/[0m
  ↳ app/controllers/urls_controller.rb:25:in `redirect'
Redirected to http://127.0.0.1:3000//very/long/sample/path/for/demo
Completed 302 Found in 27ms (ActiveRecord: 0.5ms (1 query, 0 cached) | GC: 0.0ms)


Started GET "//very/long/sample/path/for/demo" for 127.0.0.1 at 2025-09-18 19:58:46 +0530
Processing by UrlsController#sample as HTML
  Rendering layout layouts/application.html.erb
  Rendering urls/sample.html.erb within layouts/application
  Rendered urls/sample.html.erb within layouts/application (Duration: 0.1ms | GC: 0.0ms)
  Rendered layout layouts/application.html.erb (Duration: 1.2ms | GC: 0.0ms)
Completed 200 OK in 16ms (Views: 1.6ms | ActiveRecord: 0.0ms (0 queries, 0 cached) | GC: 0.0ms)


Started GET "/MQ1SN83h" for 127.0.0.1 at 2025-09-18 19:58:47 +0530
Processing by UrlsController#redirect as HTML
  Parameters: {"short_url"=>"MQ1SN83h"}
  [1m[36mUrl Load (0.8ms)[0m  [1m[34mSELECT "urls".* FROM "urls" WHERE "urls"."short_url" = 'MQ1SN83h' LIMIT 1 /*action='redirect',application='UrlShortener',controller='urls'*/[0m
  ↳ app/controllers/urls_controller.rb:25:in `redirect'
Redirected to http://127.0.0.1:3000//very/long/sample/path/for/demo
Completed 302 Found in 13ms (ActiveRecord: 0.8ms (1 query, 0 cached) | GC: 0.0ms)


Started GET "//very/long/sample/path/for/demo" for 127.0.0.1 at 2025-09-18 19:58:47 +0530
Processing by UrlsController#sample as HTML
  Rendering layout layouts/application.html.erb
  Rendering urls/sample.html.erb within layouts/application
  Rendered urls/sample.html.erb within layouts/application (Duration: 0.1ms | GC: 0.0ms)
  Rendered layout layouts/application.html.erb (Duration: 1.6ms | GC: 0.0ms)
Completed 200 OK in 12ms (Views: 2.2ms | ActiveRecord: 0.0ms (0 queries, 0 cached) | GC: 0.3ms)


Started GET "/urls/new" for 127.0.0.1 at 2025-09-18 19:58:59 +0530
Processing by UrlsController#new as HTML
  Rendering layout layouts/application.html.erb
  Rendering urls/new.html.erb within layouts/application
  [1m[36mUrl Load (0.5ms)[0m  [1m[34mSELECT "urls".* FROM "urls" /*action='new',application='UrlShortener',controller='urls'*/[0m
  ↳ app/views/urls/new.html.erb:20
  Rendered urls/new.html.erb within layouts/application (Duration: 6.0ms | GC: 0.2ms)
  Rendered layout layouts/application.html.erb (Duration: 7.8ms | GC: 0.2ms)
Completed 200 OK in 28ms (Views: 7.8ms | ActiveRecord: 0.5ms (1 query, 0 cached) | GC: 0.2ms)


Started POST "/urls" for 127.0.0.1 at 2025-09-18 19:59:06 +0530
Processing by UrlsController#create as TURBO_STREAM
  Parameters: {"authenticity_token"=>"[FILTERED]", "url"=>{"original_url"=>"http://127.0.0.1:3000/urls/new\t"}, "commit"=>"Shorten"}
  [1m[36mTRANSACTION (0.3ms)[0m  [1m[35mBEGIN /*action='create',application='UrlShortener',controller='urls'*/[0m
  ↳ app/models/url.rb:15:in `block in generate_short_url'
  [1m[36mUrl Exists? (2.8ms)[0m  [1m[34mSELECT 1 AS one FROM "urls" WHERE "urls"."short_url" = '1bSsp-Eo' LIMIT 1 /*action='create',application='UrlShortener',controller='urls'*/[0m
  ↳ app/models/url.rb:15:in `block in generate_short_url'
  [1m[36mCACHE Url Exists? (0.1ms)[0m  [1m[34mSELECT 1 AS one FROM "urls" WHERE "urls"."short_url" = '1bSsp-Eo' LIMIT 1[0m
  ↳ app/controllers/urls_controller.rb:13:in `create'
  [1m[36mTRANSACTION (0.3ms)[0m  [1m[31mROLLBACK /*action='create',application='UrlShortener',controller='urls'*/[0m
  ↳ app/controllers/urls_controller.rb:13:in `create'
Redirected to http://127.0.0.1:3000/urls/new
Completed 302 Found in 32ms (ActiveRecord: 3.2ms (2 queries, 1 cached) | GC: 0.4ms)


Started GET "/urls/new" for 127.0.0.1 at 2025-09-18 19:59:06 +0530
Processing by UrlsController#new as TURBO_STREAM
  Rendering layout layouts/application.html.erb
  Rendering urls/new.html.erb within layouts/application
  [1m[36mUrl Load (0.6ms)[0m  [1m[34mSELECT "urls".* FROM "urls" /*action='new',application='UrlShortener',controller='urls'*/[0m
  ↳ app/views/urls/new.html.erb:20
  Rendered urls/new.html.erb within layouts/application (Duration: 5.5ms | GC: 0.0ms)
  Rendered layout layouts/application.html.erb (Duration: 7.1ms | GC: 0.0ms)
Completed 200 OK in 32ms (Views: 7.4ms | ActiveRecord: 0.5ms (1 query, 0 cached) | GC: 0.0ms)


Started POST "/urls" for 127.0.0.1 at 2025-09-18 19:59:17 +0530
Processing by UrlsController#create as TURBO_STREAM
  Parameters: {"authenticity_token"=>"[FILTERED]", "url"=>{"original_url"=>"http://127.0.0.1:3000/urls/new"}, "commit"=>"Shorten"}
  [1m[36mTRANSACTION (0.1ms)[0m  [1m[35mBEGIN /*action='create',application='UrlShortener',controller='urls'*/[0m
  ↳ app/models/url.rb:15:in `block in generate_short_url'
  [1m[36mUrl Exists? (1.2ms)[0m  [1m[34mSELECT 1 AS one FROM "urls" WHERE "urls"."short_url" = 'ugH1VSVl' LIMIT 1 /*action='create',application='UrlShortener',controller='urls'*/[0m
  ↳ app/models/url.rb:15:in `block in generate_short_url'
  [1m[36mCACHE Url Exists? (0.0ms)[0m  [1m[34mSELECT 1 AS one FROM "urls" WHERE "urls"."short_url" = 'ugH1VSVl' LIMIT 1[0m
  ↳ app/controllers/urls_controller.rb:13:in `create'
  [1m[36mUrl Create (0.5ms)[0m  [1m[32mINSERT INTO "urls" ("original_url", "short_url", "token", "created_at", "updated_at") VALUES ('http://127.0.0.1:3000/urls/new', 'ugH1VSVl', '0cb5252c62762d3e2d65', '2025-09-18 14:29:17.928218', '2025-09-18 14:29:17.928218') RETURNING "id" /*action='create',application='UrlShortener',controller='urls'*/[0m
  ↳ app/controllers/urls_controller.rb:13:in `create'
  [1m[36mTRANSACTION (412.2ms)[0m  [1m[35mCOMMIT /*action='create',application='UrlShortener',controller='urls'*/[0m
  ↳ app/controllers/urls_controller.rb:13:in `create'
Redirected to http://127.0.0.1:3000/urls/4
Completed 302 Found in 440ms (ActiveRecord: 413.9ms (3 queries, 1 cached) | GC: 0.3ms)


Started GET "/urls/4" for 127.0.0.1 at 2025-09-18 19:59:18 +0530
Processing by UrlsController#show as TURBO_STREAM
  Parameters: {"id"=>"4"}
  [1m[36mUrl Load (0.5ms)[0m  [1m[34mSELECT "urls".* FROM "urls" WHERE "urls"."id" = 4 LIMIT 1 /*action='show',application='UrlShortener',controller='urls'*/[0m
  ↳ app/controllers/urls_controller.rb:21:in `show'
  Rendering layout layouts/application.html.erb
  Rendering urls/show.html.erb within layouts/application
  Rendered urls/show.html.erb within layouts/application (Duration: 0.6ms | GC: 0.0ms)
  Rendered layout layouts/application.html.erb (Duration: 3.3ms | GC: 0.0ms)
Completed 200 OK in 33ms (Views: 4.1ms | ActiveRecord: 0.4ms (1 query, 0 cached) | GC: 0.3ms)


Started GET "/ugH1VSVl" for 127.0.0.1 at 2025-09-18 19:59:19 +0530
Processing by UrlsController#redirect as HTML
  Parameters: {"short_url"=>"ugH1VSVl"}
  [1m[36mUrl Load (0.5ms)[0m  [1m[34mSELECT "urls".* FROM "urls" WHERE "urls"."short_url" = 'ugH1VSVl' LIMIT 1 /*action='redirect',application='UrlShortener',controller='urls'*/[0m
  ↳ app/controllers/urls_controller.rb:25:in `redirect'
Redirected to http://127.0.0.1:3000/urls/new
Completed 302 Found in 29ms (ActiveRecord: 0.5ms (1 query, 0 cached) | GC: 1.0ms)


Started GET "/urls/new" for 127.0.0.1 at 2025-09-18 19:59:19 +0530
Processing by UrlsController#new as HTML
  Rendering layout layouts/application.html.erb
  Rendering urls/new.html.erb within layouts/application
  [1m[36mUrl Load (0.3ms)[0m  [1m[34mSELECT "urls".* FROM "urls" /*action='new',application='UrlShortener',controller='urls'*/[0m
  ↳ app/views/urls/new.html.erb:20
  Rendered urls/new.html.erb within layouts/application (Duration: 3.3ms | GC: 0.0ms)
  Rendered layout layouts/application.html.erb (Duration: 4.4ms | GC: 0.0ms)
Completed 200 OK in 14ms (Views: 4.5ms | ActiveRecord: 0.3ms (1 query, 0 cached) | GC: 0.0ms)


Started GET "/ugH1VSVl" for 127.0.0.1 at 2025-09-18 19:59:20 +0530
Processing by UrlsController#redirect as HTML
  Parameters: {"short_url"=>"ugH1VSVl"}
  [1m[36mUrl Load (0.6ms)[0m  [1m[34mSELECT "urls".* FROM "urls" WHERE "urls"."short_url" = 'ugH1VSVl' LIMIT 1 /*action='redirect',application='UrlShortener',controller='urls'*/[0m
  ↳ app/controllers/urls_controller.rb:25:in `redirect'
Redirected to http://127.0.0.1:3000/urls/new
Completed 302 Found in 35ms (ActiveRecord: 0.6ms (1 query, 0 cached) | GC: 2.5ms)


Started GET "/urls/new" for 127.0.0.1 at 2025-09-18 19:59:21 +0530
Processing by UrlsController#new as HTML
  Rendering layout layouts/application.html.erb
  Rendering urls/new.html.erb within layouts/application
  [1m[36mUrl Load (0.4ms)[0m  [1m[34mSELECT "urls".* FROM "urls" /*action='new',application='UrlShortener',controller='urls'*/[0m
  ↳ app/views/urls/new.html.erb:20
  Rendered urls/new.html.erb within layouts/application (Duration: 5.8ms | GC: 0.7ms)
  Rendered layout layouts/application.html.erb (Duration: 7.3ms | GC: 0.7ms)
Completed 200 OK in 35ms (Views: 7.7ms | ActiveRecord: 0.4ms (1 query, 0 cached) | GC: 0.7ms)


Started GET "/urls/new" for 127.0.0.1 at 2025-09-18 19:59:27 +0530
Processing by UrlsController#new as HTML
  Rendering layout layouts/application.html.erb
  Rendering urls/new.html.erb within layouts/application
  [1m[36mUrl Load (0.3ms)[0m  [1m[34mSELECT "urls".* FROM "urls" /*action='new',application='UrlShortener',controller='urls'*/[0m
  ↳ app/views/urls/new.html.erb:20
  Rendered urls/new.html.erb within layouts/application (Duration: 3.5ms | GC: 0.5ms)
  Rendered layout layouts/application.html.erb (Duration: 4.3ms | GC: 0.5ms)
Completed 200 OK in 21ms (Views: 4.4ms | ActiveRecord: 0.3ms (1 query, 0 cached) | GC: 0.5ms)


